build/app/intermediates/manifest_merge_blame_file/debug/manifest-merger-blame-debug-report.txt
1<?xml version="1.0" encoding="utf-8"?>
2<manifest xmlns:android="http://schemas.android.com/apk/res/android"
3    package="com.plantask"
4    android:versionCode="1"
5    android:versionName="1.0.0" >
6
7    <uses-sdk
8        android:minSdkVersion="16"
9        android:targetSdkVersion="28" />
10    <!--
11         Flutter needs it to communicate with the running application
12         to allow setting breakpoints, to provide hot reload, etc.
13    -->
14    <uses-permission android:name="android.permission.INTERNET" />
14-->src\debug\AndroidManifest.xml:6:5-66
14-->src\debug\AndroidManifest.xml:6:22-64
15    <uses-permission android:name="android.permission.RECEIVE_BOOT_COMPLETED" />
15-->src\main\AndroidManifest.xml:4:5-80
15-->src\main\AndroidManifest.xml:4:22-78
16    <uses-permission android:name="android.permission.VIBRATE" />
16-->src\main\AndroidManifest.xml:5:5-66
16-->src\main\AndroidManifest.xml:5:22-63
17    <!--
18 io.flutter.app.FlutterApplication is an android.app.Application that
19         calls FlutterMain.startInitialization(this); in its onCreate method.
20         In most cases you can leave this as-is, but you if you want to provide
21         additional functionality it is fine to subclass or reimplement
22         FlutterApplication and put your custom class here.
23    -->
24    <application
24-->src\main\AndroidManifest.xml:12:5-40:19
25        android:name="io.flutter.app.FlutterApplication"
25-->src\main\AndroidManifest.xml:13:9-57
26        android:appComponentFactory="androidx.core.app.CoreComponentFactory"
26-->[androidx.core:core:1.2.0] AndroidManifest.xml:24:18-86
27        android:debuggable="true"
28        android:icon="@mipmap/ic_launcher"
28-->src\main\AndroidManifest.xml:15:9-43
29        android:label="Taskily" >
29-->src\main\AndroidManifest.xml:14:9-32
30        <receiver android:name="com.dexterous.flutterlocalnotifications.ScheduledNotificationBootReceiver" >
30-->src\main\AndroidManifest.xml:16:9-20:20
30-->src\main\AndroidManifest.xml:16:19-107
31            <intent-filter>
31-->src\main\AndroidManifest.xml:17:13-19:29
32                <action android:name="android.intent.action.BOOT_COMPLETED" />
32-->src\main\AndroidManifest.xml:18:17-86
32-->src\main\AndroidManifest.xml:18:25-76
33            </intent-filter>
34        </receiver>
35        <receiver android:name="com.dexterous.flutterlocalnotifications.ScheduledNotificationReceiver" />
35-->src\main\AndroidManifest.xml:21:9-106
35-->src\main\AndroidManifest.xml:21:19-103
36
37        <activity
37-->src\main\AndroidManifest.xml:23:9-34:20
38            android:name="com.plantask.MainActivity"
38-->src\main\AndroidManifest.xml:24:13-41
39            android:configChanges="orientation|keyboardHidden|keyboard|screenSize|smallestScreenSize|locale|layoutDirection|fontScale|screenLayout|density|uiMode"
39-->src\main\AndroidManifest.xml:27:13-163
40            android:hardwareAccelerated="true"
40-->src\main\AndroidManifest.xml:28:13-47
41            android:launchMode="singleTop"
41-->src\main\AndroidManifest.xml:25:13-43
42            android:theme="@style/LaunchTheme"
42-->src\main\AndroidManifest.xml:26:13-47
43            android:windowSoftInputMode="adjustResize" >
43-->src\main\AndroidManifest.xml:29:13-55
44            <intent-filter>
44-->src\main\AndroidManifest.xml:30:13-33:29
45                <action android:name="android.intent.action.MAIN" />
45-->src\main\AndroidManifest.xml:31:17-68
45-->src\main\AndroidManifest.xml:31:25-66
46
47                <category android:name="android.intent.category.LAUNCHER" />
47-->src\main\AndroidManifest.xml:32:17-76
47-->src\main\AndroidManifest.xml:32:27-74
48            </intent-filter>
49        </activity>
50        <!--
51             Don't delete the meta-data below.
52             This is used by the Flutter tool to generate GeneratedPluginRegistrant.java
53        -->
54        <meta-data
54-->src\main\AndroidManifest.xml:37:9-39:33
55            android:name="flutterEmbedding"
55-->src\main\AndroidManifest.xml:38:13-44
56            android:value="2" />
56-->src\main\AndroidManifest.xml:39:13-30
57    </application>
58
59</manifest>